<?xml version="1.0" encoding="UTF-8"?>
<testng-results skipped="3" failed="0" total="6" passed="3">
  <reporter-output>
    <line>
      <![CDATA[ajones11]]>
    </line>
    <line>
      <![CDATA[Login successfully]]>
    </line>
    <line>
      <![CDATA[Logout sucessfully]]>
    </line>
    <line>
      <![CDATA[Logout sucessfully]]>
    </line>
    <line>
      <![CDATA[Logout sucessfully]]>
    </line>
  </reporter-output>
  <suite name="Connections" duration-ms="50582" started-at="2021-05-16T14:48:55Z" finished-at="2021-05-16T14:49:46Z">
    <groups>
    </groups>
    <test name="Regression" duration-ms="13" started-at="2021-05-16T14:48:55Z" finished-at="2021-05-16T14:48:55Z">
      <class name="com.framework.testcases.LoginToConn">
        <test-method status="FAIL" signature="setup()[pri:0, instance:com.framework.testcases.LoginToConn@3cb5cdba]" name="setup" is-config="true" duration-ms="0" started-at="2021-05-16T20:18:55Z" finished-at="2021-05-16T20:18:55Z">
          <exception class="java.lang.NullPointerException">
            <full-stacktrace>
              <![CDATA[java.lang.NullPointerException
	at com.framework.pages.BaseClass.setup(BaseClass.java:54)
	at sun.reflect.NativeMethodAccessorImpl.invoke0(Native Method)
	at sun.reflect.NativeMethodAccessorImpl.invoke(NativeMethodAccessorImpl.java:62)
	at sun.reflect.DelegatingMethodAccessorImpl.invoke(DelegatingMethodAccessorImpl.java:43)
	at java.lang.reflect.Method.invoke(Method.java:498)
	at org.testng.internal.MethodInvocationHelper.invokeMethod(MethodInvocationHelper.java:84)
	at org.testng.internal.Invoker.invokeConfigurationMethod(Invoker.java:564)
	at org.testng.internal.Invoker.invokeConfigurations(Invoker.java:213)
	at org.testng.internal.Invoker.invokeConfigurations(Invoker.java:138)
	at org.testng.internal.TestMethodWorker.invokeBeforeClassMethods(TestMethodWorker.java:175)
	at org.testng.internal.TestMethodWorker.run(TestMethodWorker.java:107)
	at org.testng.TestRunner.privateRun(TestRunner.java:767)
	at org.testng.TestRunner.run(TestRunner.java:617)
	at org.testng.SuiteRunner.runTest(SuiteRunner.java:348)
	at org.testng.SuiteRunner.runSequentially(SuiteRunner.java:343)
	at org.testng.SuiteRunner.privateRun(SuiteRunner.java:305)
	at org.testng.SuiteRunner.run(SuiteRunner.java:254)
	at org.testng.SuiteRunnerWorker.runSuite(SuiteRunnerWorker.java:52)
	at org.testng.SuiteRunnerWorker.run(SuiteRunnerWorker.java:86)
	at org.testng.TestNG.runSuitesSequentially(TestNG.java:1224)
	at org.testng.TestNG.runSuitesLocally(TestNG.java:1149)
	at org.testng.TestNG.run(TestNG.java:1057)
	at org.testng.remote.RemoteTestNG.run(RemoteTestNG.java:111)
	at org.testng.remote.RemoteTestNG.initAndRun(RemoteTestNG.java:204)
	at org.testng.remote.RemoteTestNG.main(RemoteTestNG.java:175)
]]>
            </full-stacktrace>
          </exception> <!-- java.lang.NullPointerException -->
          <reporter-output>
          </reporter-output>
        </test-method> <!-- setup -->
        <test-method status="SKIP" signature="LoginToConn()[pri:0, instance:com.framework.testcases.LoginToConn@3cb5cdba]" name="LoginToConn" duration-ms="1" started-at="2021-05-16T20:18:55Z" finished-at="2021-05-16T20:18:55Z">
          <reporter-output>
          </reporter-output>
        </test-method> <!-- LoginToConn -->
        <test-method status="SKIP" signature="tearDownMethod(org.testng.ITestResult)[pri:0, instance:com.framework.testcases.LoginToConn@3cb5cdba]" name="tearDownMethod" is-config="true" duration-ms="0" started-at="2021-05-16T20:18:55Z" finished-at="2021-05-16T20:18:55Z">
          <reporter-output>
          </reporter-output>
        </test-method> <!-- tearDownMethod -->
        <test-method status="SKIP" signature="tearDownMethod(org.testng.ITestResult)[pri:0, instance:com.framework.testcases.LoginToConn@3cb5cdba]" name="tearDownMethod" is-config="true" duration-ms="0" started-at="2021-05-16T20:18:55Z" finished-at="2021-05-16T20:18:55Z">
          <reporter-output>
          </reporter-output>
        </test-method> <!-- tearDownMethod -->
        <test-method status="SKIP" signature="LoginToConn2()[pri:0, instance:com.framework.testcases.LoginToConn@3cb5cdba]" name="LoginToConn2" duration-ms="0" started-at="2021-05-16T20:18:55Z" finished-at="2021-05-16T20:18:55Z">
          <reporter-output>
          </reporter-output>
        </test-method> <!-- LoginToConn2 -->
        <test-method status="SKIP" signature="LoginToConn3()[pri:0, instance:com.framework.testcases.LoginToConn@3cb5cdba]" name="LoginToConn3" duration-ms="0" started-at="2021-05-16T20:18:55Z" finished-at="2021-05-16T20:18:55Z">
          <reporter-output>
          </reporter-output>
        </test-method> <!-- LoginToConn3 -->
        <test-method status="SKIP" signature="tearDown()[pri:0, instance:com.framework.testcases.LoginToConn@3cb5cdba]" name="tearDown" is-config="true" duration-ms="0" started-at="2021-05-16T20:18:55Z" finished-at="2021-05-16T20:18:55Z">
          <reporter-output>
          </reporter-output>
        </test-method> <!-- tearDown -->
        <test-method status="SKIP" signature="tearDownMethod(org.testng.ITestResult)[pri:0, instance:com.framework.testcases.LoginToConn@3cb5cdba]" name="tearDownMethod" is-config="true" duration-ms="0" started-at="2021-05-16T20:18:55Z" finished-at="2021-05-16T20:18:55Z">
          <reporter-output>
          </reporter-output>
        </test-method> <!-- tearDownMethod -->
      </class> <!-- com.framework.testcases.LoginToConn -->
    </test> <!-- Regression -->
    <test name="smoke" duration-ms="50448" started-at="2021-05-16T14:48:56Z" finished-at="2021-05-16T14:49:46Z">
      <class name="com.framework.testcases.LoginToConn">
        <test-method status="PASS" signature="setupSuit()[pri:0, instance:com.framework.testcases.LoginToConn@57829d67]" name="setupSuit" is-config="true" duration-ms="478" started-at="2021-05-16T20:18:55Z" finished-at="2021-05-16T20:18:55Z">
          <reporter-output>
          </reporter-output>
        </test-method> <!-- setupSuit -->
        <test-method status="PASS" signature="setup()[pri:0, instance:com.framework.testcases.LoginToConn@57829d67]" name="setup" is-config="true" duration-ms="13615" started-at="2021-05-16T20:18:56Z" finished-at="2021-05-16T20:19:09Z">
          <reporter-output>
          </reporter-output>
        </test-method> <!-- setup -->
        <test-method status="PASS" signature="LoginToConn()[pri:0, instance:com.framework.testcases.LoginToConn@57829d67]" name="LoginToConn" duration-ms="14478" started-at="2021-05-16T20:19:09Z" finished-at="2021-05-16T20:19:24Z">
          <reporter-output>
            <line>
              <![CDATA[ajones11]]>
            </line>
            <line>
              <![CDATA[Login successfully]]>
            </line>
            <line>
              <![CDATA[Logout sucessfully]]>
            </line>
          </reporter-output>
        </test-method> <!-- LoginToConn -->
        <test-method status="PASS" signature="tearDownMethod(org.testng.ITestResult)[pri:0, instance:com.framework.testcases.LoginToConn@57829d67]" name="tearDownMethod" is-config="true" duration-ms="1081" started-at="2021-05-16T20:19:24Z" finished-at="2021-05-16T20:19:25Z">
          <params>
            <param index="0">
              <value>
                <![CDATA[[TestResult name=LoginToConn status=SUCCESS method=LoginToConn.LoginToConn()[pri:0, instance:com.framework.testcases.LoginToConn@57829d67] output=ajones11]]]>
              </value>
            </param>
          </params>
          <reporter-output>
          </reporter-output>
        </test-method> <!-- tearDownMethod -->
        <test-method status="PASS" signature="LoginToConn2()[pri:0, instance:com.framework.testcases.LoginToConn@57829d67]" name="LoginToConn2" duration-ms="9859" started-at="2021-05-16T20:19:25Z" finished-at="2021-05-16T20:19:35Z">
          <reporter-output>
            <line>
              <![CDATA[Logout sucessfully]]>
            </line>
          </reporter-output>
        </test-method> <!-- LoginToConn2 -->
        <test-method status="PASS" signature="tearDownMethod(org.testng.ITestResult)[pri:0, instance:com.framework.testcases.LoginToConn@57829d67]" name="tearDownMethod" is-config="true" duration-ms="964" started-at="2021-05-16T20:19:35Z" finished-at="2021-05-16T20:19:36Z">
          <params>
            <param index="0">
              <value>
                <![CDATA[[TestResult name=LoginToConn2 status=SUCCESS method=LoginToConn.LoginToConn2()[pri:0, instance:com.framework.testcases.LoginToConn@57829d67] output=Logout sucessfully]]]>
              </value>
            </param>
          </params>
          <reporter-output>
          </reporter-output>
        </test-method> <!-- tearDownMethod -->
        <test-method status="PASS" signature="LoginToConn3()[pri:0, instance:com.framework.testcases.LoginToConn@57829d67]" name="LoginToConn3" duration-ms="9083" started-at="2021-05-16T20:19:36Z" finished-at="2021-05-16T20:19:45Z">
          <reporter-output>
            <line>
              <![CDATA[Logout sucessfully]]>
            </line>
          </reporter-output>
        </test-method> <!-- LoginToConn3 -->
        <test-method status="PASS" signature="tearDownMethod(org.testng.ITestResult)[pri:0, instance:com.framework.testcases.LoginToConn@57829d67]" name="tearDownMethod" is-config="true" duration-ms="878" started-at="2021-05-16T20:19:45Z" finished-at="2021-05-16T20:19:45Z">
          <params>
            <param index="0">
              <value>
                <![CDATA[[TestResult name=LoginToConn3 status=SUCCESS method=LoginToConn.LoginToConn3()[pri:0, instance:com.framework.testcases.LoginToConn@57829d67] output=Logout sucessfully]]]>
              </value>
            </param>
          </params>
          <reporter-output>
          </reporter-output>
        </test-method> <!-- tearDownMethod -->
        <test-method status="PASS" signature="tearDown()[pri:0, instance:com.framework.testcases.LoginToConn@57829d67]" name="tearDown" is-config="true" duration-ms="486" started-at="2021-05-16T20:19:45Z" finished-at="2021-05-16T20:19:46Z">
          <reporter-output>
          </reporter-output>
        </test-method> <!-- tearDown -->
      </class> <!-- com.framework.testcases.LoginToConn -->
    </test> <!-- smoke -->
  </suite> <!-- Connections -->
</testng-results>
