<?xml version="1.0" encoding="UTF-8"?>
<testng-results skipped="2" failed="0" total="2" passed="0">
  <reporter-output>
  </reporter-output>
  <suite name="Connections" duration-ms="21" started-at="2021-06-06T15:38:56Z" finished-at="2021-06-06T15:38:56Z">
    <groups>
    </groups>
    <test name="Regression" duration-ms="21" started-at="2021-06-06T15:38:56Z" finished-at="2021-06-06T15:38:56Z">
      <class name="com.framework.testcases.LoginToConn">
        <test-method status="PASS" signature="setupSuit()[pri:0, instance:com.framework.testcases.LoginToConn@470f1802]" name="setupSuit" is-config="true" duration-ms="548" started-at="2021-06-06T21:08:55Z" finished-at="2021-06-06T21:08:56Z">
          <reporter-output>
          </reporter-output>
        </test-method> <!-- setupSuit -->
        <test-method status="FAIL" signature="setup(java.lang.String, java.lang.String)[pri:0, instance:com.framework.testcases.LoginToConn@470f1802]" name="setup" is-config="true" duration-ms="0" started-at="2021-06-06T21:08:56Z" finished-at="2021-06-06T21:08:56Z">
          <exception class="org.testng.TestNGException">
            <message>
              <![CDATA[
Parameter 'getBrowserName' is required by @Configuration on method setup but has not been marked @Optional or defined
in /Users/anandmule/git/Framework/Framework/TestNG.xml]]>
            </message>
            <full-stacktrace>
              <![CDATA[org.testng.TestNGException: 
Parameter 'getBrowserName' is required by @Configuration on method setup but has not been marked @Optional or defined
in /Users/anandmule/git/Framework/Framework/TestNG.xml
	at org.testng.internal.Parameters.createParameters(Parameters.java:155)
	at org.testng.internal.Parameters.createParameters(Parameters.java:358)
	at org.testng.internal.Parameters.createConfigurationParameters(Parameters.java:86)
	at org.testng.internal.Invoker.invokeConfigurations(Invoker.java:199)
	at org.testng.internal.Invoker.invokeConfigurations(Invoker.java:138)
	at org.testng.internal.TestMethodWorker.invokeBeforeClassMethods(TestMethodWorker.java:175)
	at org.testng.internal.TestMethodWorker.run(TestMethodWorker.java:107)
	at org.testng.TestRunner.privateRun(TestRunner.java:767)
	at org.testng.TestRunner.run(TestRunner.java:617)
	at org.testng.SuiteRunner.runTest(SuiteRunner.java:348)
	at org.testng.SuiteRunner.runSequentially(SuiteRunner.java:343)
	at org.testng.SuiteRunner.privateRun(SuiteRunner.java:305)
	at org.testng.SuiteRunner.run(SuiteRunner.java:254)
	at org.testng.SuiteRunnerWorker.runSuite(SuiteRunnerWorker.java:52)
	at org.testng.SuiteRunnerWorker.run(SuiteRunnerWorker.java:86)
	at org.testng.TestNG.runSuitesSequentially(TestNG.java:1224)
	at org.testng.TestNG.runSuitesLocally(TestNG.java:1149)
	at org.testng.TestNG.run(TestNG.java:1057)
	at org.testng.remote.AbstractRemoteTestNG.run(AbstractRemoteTestNG.java:114)
	at org.testng.remote.RemoteTestNG.initAndRun(RemoteTestNG.java:251)
	at org.testng.remote.RemoteTestNG.main(RemoteTestNG.java:77)
]]>
            </full-stacktrace>
          </exception> <!-- org.testng.TestNGException -->
          <reporter-output>
          </reporter-output>
        </test-method> <!-- setup -->
        <test-method status="SKIP" signature="LoginToConn()[pri:0, instance:com.framework.testcases.LoginToConn@470f1802]" name="LoginToConn" duration-ms="0" started-at="2021-06-06T21:08:56Z" finished-at="2021-06-06T21:08:56Z">
          <reporter-output>
          </reporter-output>
        </test-method> <!-- LoginToConn -->
        <test-method status="SKIP" signature="tearDownMethod(org.testng.ITestResult)[pri:0, instance:com.framework.testcases.LoginToConn@470f1802]" name="tearDownMethod" is-config="true" duration-ms="0" started-at="2021-06-06T21:08:56Z" finished-at="2021-06-06T21:08:56Z">
          <reporter-output>
          </reporter-output>
        </test-method> <!-- tearDownMethod -->
        <test-method status="SKIP" signature="LoginToConn2()[pri:0, instance:com.framework.testcases.LoginToConn@470f1802]" name="LoginToConn2" duration-ms="1" started-at="2021-06-06T21:08:56Z" finished-at="2021-06-06T21:08:56Z">
          <reporter-output>
          </reporter-output>
        </test-method> <!-- LoginToConn2 -->
        <test-method status="SKIP" signature="tearDownMethod(org.testng.ITestResult)[pri:0, instance:com.framework.testcases.LoginToConn@470f1802]" name="tearDownMethod" is-config="true" duration-ms="0" started-at="2021-06-06T21:08:56Z" finished-at="2021-06-06T21:08:56Z">
          <reporter-output>
          </reporter-output>
        </test-method> <!-- tearDownMethod -->
        <test-method status="SKIP" signature="tearDown()[pri:0, instance:com.framework.testcases.LoginToConn@470f1802]" name="tearDown" is-config="true" duration-ms="0" started-at="2021-06-06T21:08:56Z" finished-at="2021-06-06T21:08:56Z">
          <reporter-output>
          </reporter-output>
        </test-method> <!-- tearDown -->
      </class> <!-- com.framework.testcases.LoginToConn -->
    </test> <!-- Regression -->
  </suite> <!-- Connections -->
</testng-results>
