<?xml version="1.0" encoding="UTF-8"?>
<!-- Generated by org.testng.reporters.JUnitXMLReporter -->
<testsuite hostname="Anands-MBP" name="Regression" tests="3" failures="0" timestamp="16 May 2021 14:48:56 GMT" time="0.013" errors="0">
  <testcase name="@BeforeClass setup" time="0.0" classname="com.framework.testcases.LoginToConn">
    <failure type="java.lang.NullPointerException">
      <![CDATA[java.lang.NullPointerException
	at com.framework.pages.BaseClass.setup(BaseClass.java:54)
... Removed 24 stack frames]]>
    </failure>
  </testcase> <!-- @BeforeClass setup -->
  <testcase name="@AfterMethod tearDownMethod" time="0.0" classname="com.framework.testcases.LoginToConn">
    <skipped/>
  </testcase> <!-- @AfterMethod tearDownMethod -->
  <testcase name="@AfterMethod tearDownMethod" time="0.0" classname="com.framework.testcases.LoginToConn">
    <skipped/>
  </testcase> <!-- @AfterMethod tearDownMethod -->
  <testcase name="@AfterMethod tearDownMethod" time="0.0" classname="com.framework.testcases.LoginToConn">
    <skipped/>
  </testcase> <!-- @AfterMethod tearDownMethod -->
  <testcase name="@AfterClass tearDown" time="0.0" classname="com.framework.testcases.LoginToConn">
    <skipped/>
  </testcase> <!-- @AfterClass tearDown -->
  <testcase name="LoginToConn" time="0.001" classname="com.framework.testcases.LoginToConn">
    <skipped/>
  </testcase> <!-- LoginToConn -->
  <testcase name="LoginToConn2" time="0.0" classname="com.framework.testcases.LoginToConn">
    <skipped/>
  </testcase> <!-- LoginToConn2 -->
  <testcase name="LoginToConn3" time="0.0" classname="com.framework.testcases.LoginToConn">
    <skipped/>
  </testcase> <!-- LoginToConn3 -->
</testsuite> <!-- Regression -->
