<?xml version="1.0" encoding="UTF-8"?>
<!-- Generated by org.testng.reporters.JUnitXMLReporter -->
<testsuite hostname="Anands-MBP" name="smoke" tests="3" failures="0" timestamp="16 May 2021 14:49:46 GMT" time="50.448" errors="0">
  <testcase name="LoginToConn" time="14.478" classname="com.framework.testcases.LoginToConn"/>
  <testcase name="LoginToConn2" time="9.859" classname="com.framework.testcases.LoginToConn"/>
  <testcase name="LoginToConn3" time="9.083" classname="com.framework.testcases.LoginToConn"/>
</testsuite> <!-- smoke -->
